<?xml version="1.0" encoding="UTF-8" ?>
<testsuite tests="7" failures="0" name="integrationtests.WebCalculatorTest" time="0.381" errors="0" skipped="0">
  <properties>
[...]
</properties>
  <testcase classname="integrationtests.WebCalculatorTest" name="testDivWebZero" time="0.343"/>
  <testcase classname="integrationtests.WebCalculatorTest" name="testAdd" time="0.019"/>
  <testcase classname="integrationtests.WebCalculatorTest" name="testDiv" time="0"/>
  <testcase classname="integrationtests.WebCalculatorTest" name="testMul" time="0.001"/>
  <testcase classname="integrationtests.WebCalculatorTest" name="testSub" time="0.003"/>
  <testcase classname="integrationtests.WebCalculatorTest" name="testBadOperant" time="0.01"/>
  <testcase classname="integrationtests.WebCalculatorTest" name="testDivWeb" time="0.005"/>
</testsuite>